Flow report for Atividade1
Sun Apr  5 19:36:49 2026
Quartus II 64-Bit Version 13.0.1 Build 232 06/12/2013 Service Pack 1 SJ Full Version


---------------------
; Table of Contents ;
---------------------
  1. Legal Notice
  2. Flow Summary
  3. Flow Settings
  4. Flow Non-Default Global Settings
  5. Flow Elapsed Time
  6. Flow OS Summary
  7. Flow Log
  8. Flow Messages
  9. Flow Suppressed Messages



----------------
; Legal Notice ;
----------------
Copyright (C) 1991-2013 Altera Corporation
Your use of Altera Corporation's design tools, logic functions 
and other software and tools, and its AMPP partner logic 
functions, and any output files from any of the foregoing 
(including device programming or simulation files), and any 
associated documentation or information are expressly subject 
to the terms and conditions of the Altera Program License 
Subscription Agreement, Altera MegaCore Function License 
Agreement, or other applicable license agreement, including, 
without limitation, that your use is for the sole purpose of 
programming logic devices manufactured by Altera and sold by 
Altera or its authorized distributors.  Please refer to the 
applicable agreement for further details.



+---------------------------------------------------------------------------------------+
; Flow Summary                                                                          ;
+------------------------------------+--------------------------------------------------+
; Flow Status                        ; Successful - Sun Apr  5 19:36:49 2026            ;
; Quartus II 64-Bit Version          ; 13.0.1 Build 232 06/12/2013 SP 1 SJ Full Version ;
; Revision Name                      ; Atividade1                                       ;
; Top-level Entity Name              ; cont4                                            ;
; Family                             ; Cyclone II                                       ;
; Total logic elements               ; 6 / 4,608 ( < 1 % )                              ;
;     Total combinational functions  ; 6 / 4,608 ( < 1 % )                              ;
;     Dedicated logic registers      ; 4 / 4,608 ( < 1 % )                              ;
; Total registers                    ; 4                                                ;
; Total pins                         ; 8 / 89 ( 9 % )                                   ;
; Total virtual pins                 ; 0                                                ;
; Total memory bits                  ; 0 / 119,808 ( 0 % )                              ;
; Embedded Multiplier 9-bit elements ; 0 / 26 ( 0 % )                                   ;
; Total PLLs                         ; 0 / 2 ( 0 % )                                    ;
; Device                             ; EP2C5T144C6                                      ;
; Timing Models                      ; Final                                            ;
+------------------------------------+--------------------------------------------------+


+-----------------------------------------+
; Flow Settings                           ;
+-------------------+---------------------+
; Option            ; Setting             ;
+-------------------+---------------------+
; Start date & time ; 04/05/2026 19:36:38 ;
; Main task         ; Compilation         ;
; Revision Name     ; Atividade1          ;
+-------------------+---------------------+


+--------------------------------------------------------------------------------------------------------------+
; Flow Non-Default Global Settings                                                                             ;
+--------------------------------------+------------------------+---------------+-------------+----------------+
; Assignment Name                      ; Value                  ; Default Value ; Entity Name ; Section Id     ;
+--------------------------------------+------------------------+---------------+-------------+----------------+
; COMPILER_SIGNATURE_ID                ; 0.177542859861135      ; --            ; --          ; --             ;
; EDA_DESIGN_INSTANCE_NAME             ; NA                     ; --            ; --          ; cont4_tb       ;
; EDA_NATIVELINK_SIMULATION_TEST_BENCH ; cont4_tb               ; --            ; --          ; eda_simulation ;
; EDA_OUTPUT_DATA_FORMAT               ; Vhdl                   ; --            ; --          ; eda_simulation ;
; EDA_SIMULATION_TOOL                  ; ModelSim-Altera (VHDL) ; <None>        ; --          ; --             ;
; EDA_TEST_BENCH_ENABLE_STATUS         ; TEST_BENCH_MODE        ; --            ; --          ; eda_simulation ;
; EDA_TEST_BENCH_FILE                  ; cont4_tb.vhd           ; --            ; --          ; cont4_tb       ;
; EDA_TEST_BENCH_MODULE_NAME           ; cont4_tb               ; --            ; --          ; cont4_tb       ;
; EDA_TEST_BENCH_NAME                  ; cont4_tb               ; --            ; --          ; eda_simulation ;
; EDA_TEST_BENCH_RUN_SIM_FOR           ; 500 ns                 ; --            ; --          ; cont4_tb       ;
; PARTITION_COLOR                      ; 16764057               ; --            ; cont4       ; Top            ;
; PARTITION_FITTER_PRESERVATION_LEVEL  ; PLACEMENT_AND_ROUTING  ; --            ; cont4       ; Top            ;
; PARTITION_NETLIST_TYPE               ; SOURCE                 ; --            ; cont4       ; Top            ;
; PROJECT_OUTPUT_DIRECTORY             ; output_files           ; --            ; --          ; --             ;
; TOP_LEVEL_ENTITY                     ; cont4                  ; Atividade1    ; --          ; --             ;
+--------------------------------------+------------------------+---------------+-------------+----------------+


+-------------------------------------------------------------------------------------------------------------------------------+
; Flow Elapsed Time                                                                                                             ;
+---------------------------+--------------+-------------------------+---------------------+------------------------------------+
; Module Name               ; Elapsed Time ; Average Processors Used ; Peak Virtual Memory ; Total CPU Time (on all processors) ;
+---------------------------+--------------+-------------------------+---------------------+------------------------------------+
; Analysis & Synthesis      ; 00:00:01     ; 1.0                     ; 580 MB              ; 00:00:01                           ;
; Fitter                    ; 00:00:02     ; 1.0                     ; 782 MB              ; 00:00:04                           ;
; Assembler                 ; 00:00:00     ; 1.0                     ; 491 MB              ; 00:00:00                           ;
; TimeQuest Timing Analyzer ; 00:00:00     ; 1.0                     ; 514 MB              ; 00:00:01                           ;
; EDA Netlist Writer        ; 00:00:00     ; 1.0                     ; 771 MB              ; 00:00:00                           ;
; Total                     ; 00:00:03     ; --                      ; --                  ; 00:00:06                           ;
+---------------------------+--------------+-------------------------+---------------------+------------------------------------+


+---------------------------------------------------------------------------------------------------------+
; Flow OS Summary                                                                                         ;
+---------------------------+------------------+--------------------+--------------------+----------------+
; Module Name               ; Machine Hostname ; OS Name            ; OS Version         ; Processor type ;
+---------------------------+------------------+--------------------+--------------------+----------------+
; Analysis & Synthesis      ; lillo            ; \S{PRETTY_NAME} \r ; \S{PRETTY_NAME} \r ; x86_64         ;
; Fitter                    ; lillo            ; \S{PRETTY_NAME} \r ; \S{PRETTY_NAME} \r ; x86_64         ;
; Assembler                 ; lillo            ; \S{PRETTY_NAME} \r ; \S{PRETTY_NAME} \r ; x86_64         ;
; TimeQuest Timing Analyzer ; lillo            ; \S{PRETTY_NAME} \r ; \S{PRETTY_NAME} \r ; x86_64         ;
; EDA Netlist Writer        ; lillo            ; \S{PRETTY_NAME} \r ; \S{PRETTY_NAME} \r ; x86_64         ;
+---------------------------+------------------+--------------------+--------------------+----------------+


------------
; Flow Log ;
------------
quartus_map --read_settings_files=on --write_settings_files=off Atividade1 -c Atividade1
quartus_fit --read_settings_files=off --write_settings_files=off Atividade1 -c Atividade1
quartus_asm --read_settings_files=off --write_settings_files=off Atividade1 -c Atividade1
quartus_sta Atividade1 -c Atividade1
quartus_eda --read_settings_files=off --write_settings_files=off Atividade1 -c Atividade1



