Analysis & Synthesis report for bram_fifo
Sat May 09 10:23:55 2026
Quartus II 64-Bit Version 13.0.1 Build 232 06/12/2013 Service Pack 1 SJ Web Edition


---------------------
; Table of Contents ;
---------------------
  1. Legal Notice
  2. Analysis & Synthesis Summary
  3. Analysis & Synthesis Settings
  4. Parallel Compilation
  5. Analysis & Synthesis Source Files Read
  6. Analysis & Synthesis Resource Usage Summary
  7. Analysis & Synthesis Resource Utilization by Entity
  8. Analysis & Synthesis IP Cores Summary
  9. State Machine - |bram_fifo|ReadState
 10. State Machine - |bram_fifo|WriteState
 11. Registers Removed During Synthesis
 12. General Register Statistics
 13. Multiplexer Restructuring Statistics (Restructuring Performed)
 14. Source assignments for blockram:bram_send|altsyncram:altsyncram_component|altsyncram_t2b1:auto_generated
 15. Source assignments for blockram:bram_out|altsyncram:altsyncram_component|altsyncram_t2b1:auto_generated
 16. Source assignments for fifowz:queue|scfifo:scfifo_component|scfifo_kda1:auto_generated|a_dpfifo_h041:dpfifo|dpram_r311:FIFOram|altsyncram_c3k1:altsyncram1
 17. Parameter Settings for User Entity Instance: blockram:bram_send|altsyncram:altsyncram_component
 18. Parameter Settings for User Entity Instance: blockram:bram_out|altsyncram:altsyncram_component
 19. Parameter Settings for User Entity Instance: fifowz:queue|scfifo:scfifo_component
 20. altsyncram Parameter Settings by Entity Instance
 21. scfifo Parameter Settings by Entity Instance
 22. Port Connectivity Checks: "fifowz:queue"
 23. Port Connectivity Checks: "blockram:bram_out"
 24. Elapsed Time Per Partition
 25. Analysis & Synthesis Messages



----------------
; Legal Notice ;
----------------
Copyright (C) 1991-2013 Altera Corporation
Your use of Altera Corporation's design tools, logic functions 
and other software and tools, and its AMPP partner logic 
functions, and any output files from any of the foregoing 
(including device programming or simulation files), and any 
associated documentation or information are expressly subject 
to the terms and conditions of the Altera Program License 
Subscription Agreement, Altera MegaCore Function License 
Agreement, or other applicable license agreement, including, 
without limitation, that your use is for the sole purpose of 
programming logic devices manufactured by Altera and sold by 
Altera or its authorized distributors.  Please refer to the 
applicable agreement for further details.



+--------------------------------------------------------------------------------------+
; Analysis & Synthesis Summary                                                         ;
+------------------------------------+-------------------------------------------------+
; Analysis & Synthesis Status        ; Successful - Sat May 09 10:23:55 2026           ;
; Quartus II 64-Bit Version          ; 13.0.1 Build 232 06/12/2013 SP 1 SJ Web Edition ;
; Revision Name                      ; bram_fifo                                       ;
; Top-level Entity Name              ; bram_fifo                                       ;
; Family                             ; Cyclone IV E                                    ;
; Total logic elements               ; 78                                              ;
;     Total combinational functions  ; 76                                              ;
;     Dedicated logic registers      ; 40                                              ;
; Total registers                    ; 40                                              ;
; Total pins                         ; 25                                              ;
; Total virtual pins                 ; 0                                               ;
; Total memory bits                  ; 0                                               ;
; Embedded Multiplier 9-bit elements ; 0                                               ;
; Total PLLs                         ; 0                                               ;
+------------------------------------+-------------------------------------------------+


+----------------------------------------------------------------------------------------------------------------------+
; Analysis & Synthesis Settings                                                                                        ;
+----------------------------------------------------------------------------+--------------------+--------------------+
; Option                                                                     ; Setting            ; Default Value      ;
+----------------------------------------------------------------------------+--------------------+--------------------+
; Device                                                                     ; EP4CE22F17C6       ;                    ;
; Top-level entity name                                                      ; bram_fifo          ; bram_fifo          ;
; Family name                                                                ; Cyclone IV E       ; Cyclone IV GX      ;
; Use smart compilation                                                      ; Off                ; Off                ;
; Enable parallel Assembler and TimeQuest Timing Analyzer during compilation ; On                 ; On                 ;
; Enable compact report table                                                ; Off                ; Off                ;
; Restructure Multiplexers                                                   ; Auto               ; Auto               ;
; Create Debugging Nodes for IP Cores                                        ; Off                ; Off                ;
; Preserve fewer node names                                                  ; On                 ; On                 ;
; Disable OpenCore Plus hardware evaluation                                  ; Off                ; Off                ;
; Verilog Version                                                            ; Verilog_2001       ; Verilog_2001       ;
; VHDL Version                                                               ; VHDL_1993          ; VHDL_1993          ;
; State Machine Processing                                                   ; Auto               ; Auto               ;
; Safe State Machine                                                         ; Off                ; Off                ;
; Extract Verilog State Machines                                             ; On                 ; On                 ;
; Extract VHDL State Machines                                                ; On                 ; On                 ;
; Ignore Verilog initial constructs                                          ; Off                ; Off                ;
; Iteration limit for constant Verilog loops                                 ; 5000               ; 5000               ;
; Iteration limit for non-constant Verilog loops                             ; 250                ; 250                ;
; Add Pass-Through Logic to Inferred RAMs                                    ; On                 ; On                 ;
; Infer RAMs from Raw Logic                                                  ; On                 ; On                 ;
; Parallel Synthesis                                                         ; On                 ; On                 ;
; DSP Block Balancing                                                        ; Auto               ; Auto               ;
; NOT Gate Push-Back                                                         ; On                 ; On                 ;
; Power-Up Don't Care                                                        ; On                 ; On                 ;
; Remove Redundant Logic Cells                                               ; Off                ; Off                ;
; Remove Duplicate Registers                                                 ; On                 ; On                 ;
; Ignore CARRY Buffers                                                       ; Off                ; Off                ;
; Ignore CASCADE Buffers                                                     ; Off                ; Off                ;
; Ignore GLOBAL Buffers                                                      ; Off                ; Off                ;
; Ignore ROW GLOBAL Buffers                                                  ; Off                ; Off                ;
; Ignore LCELL Buffers                                                       ; Off                ; Off                ;
; Ignore SOFT Buffers                                                        ; On                 ; On                 ;
; Limit AHDL Integers to 32 Bits                                             ; Off                ; Off                ;
; Optimization Technique                                                     ; Balanced           ; Balanced           ;
; Carry Chain Length                                                         ; 70                 ; 70                 ;
; Auto Carry Chains                                                          ; On                 ; On                 ;
; Auto Open-Drain Pins                                                       ; On                 ; On                 ;
; Perform WYSIWYG Primitive Resynthesis                                      ; Off                ; Off                ;
; Auto ROM Replacement                                                       ; On                 ; On                 ;
; Auto RAM Replacement                                                       ; On                 ; On                 ;
; Auto DSP Block Replacement                                                 ; On                 ; On                 ;
; Auto Shift Register Replacement                                            ; Auto               ; Auto               ;
; Allow Shift Register Merging across Hierarchies                            ; Auto               ; Auto               ;
; Auto Clock Enable Replacement                                              ; On                 ; On                 ;
; Strict RAM Replacement                                                     ; Off                ; Off                ;
; Allow Synchronous Control Signals                                          ; On                 ; On                 ;
; Force Use of Synchronous Clear Signals                                     ; Off                ; Off                ;
; Auto RAM Block Balancing                                                   ; On                 ; On                 ;
; Auto RAM to Logic Cell Conversion                                          ; Off                ; Off                ;
; Auto Resource Sharing                                                      ; Off                ; Off                ;
; Allow Any RAM Size For Recognition                                         ; Off                ; Off                ;
; Allow Any ROM Size For Recognition                                         ; Off                ; Off                ;
; Allow Any Shift Register Size For Recognition                              ; Off                ; Off                ;
; Use LogicLock Constraints during Resource Balancing                        ; On                 ; On                 ;
; Ignore translate_off and synthesis_off directives                          ; Off                ; Off                ;
; Timing-Driven Synthesis                                                    ; On                 ; On                 ;
; Report Parameter Settings                                                  ; On                 ; On                 ;
; Report Source Assignments                                                  ; On                 ; On                 ;
; Report Connectivity Checks                                                 ; On                 ; On                 ;
; Ignore Maximum Fan-Out Assignments                                         ; Off                ; Off                ;
; Synchronization Register Chain Length                                      ; 2                  ; 2                  ;
; PowerPlay Power Optimization                                               ; Normal compilation ; Normal compilation ;
; HDL message level                                                          ; Level2             ; Level2             ;
; Suppress Register Optimization Related Messages                            ; Off                ; Off                ;
; Number of Removed Registers Reported in Synthesis Report                   ; 5000               ; 5000               ;
; Number of Swept Nodes Reported in Synthesis Report                         ; 5000               ; 5000               ;
; Number of Inverted Registers Reported in Synthesis Report                  ; 100                ; 100                ;
; Clock MUX Protection                                                       ; On                 ; On                 ;
; Auto Gated Clock Conversion                                                ; Off                ; Off                ;
; Block Design Naming                                                        ; Auto               ; Auto               ;
; SDC constraint protection                                                  ; Off                ; Off                ;
; Synthesis Effort                                                           ; Auto               ; Auto               ;
; Shift Register Replacement - Allow Asynchronous Clear Signal               ; On                 ; On                 ;
; Pre-Mapping Resynthesis Optimization                                       ; Off                ; Off                ;
; Analysis & Synthesis Message Level                                         ; Medium             ; Medium             ;
; Disable Register Merging Across Hierarchies                                ; Auto               ; Auto               ;
; Resource Aware Inference For Block RAM                                     ; On                 ; On                 ;
; Synthesis Seed                                                             ; 1                  ; 1                  ;
+----------------------------------------------------------------------------+--------------------+--------------------+


Parallel compilation was disabled, but you have multiple processors available. Enable parallel compilation to reduce compilation time.
+-------------------------------------+
; Parallel Compilation                ;
+----------------------------+--------+
; Processors                 ; Number ;
+----------------------------+--------+
; Number detected on machine ; 12     ;
; Maximum allowed            ; 1      ;
+----------------------------+--------+


+-------------------------------------------------------------------------------------------------------------------------------------------------------------------------------------------------------------+
; Analysis & Synthesis Source Files Read                                                                                                                                                                      ;
+----------------------------------+-----------------+------------------------------+---------------------------------------------------------------------------------------------------------------+---------+
; File Name with User-Entered Path ; Used in Netlist ; File Type                    ; File Name with Absolute Path                                                                                  ; Library ;
+----------------------------------+-----------------+------------------------------+---------------------------------------------------------------------------------------------------------------+---------+
; fifowz.vhd                       ; yes             ; User Wizard-Generated File   ; C:/Users/Lillo/Desktop/logica_reconfiguravel/Logica-Reconfiguravel/bram_fifo/bram_fifo/fifowz.vhd             ;         ;
; blockram.vhd                     ; yes             ; User Wizard-Generated File   ; C:/Users/Lillo/Desktop/logica_reconfiguravel/Logica-Reconfiguravel/bram_fifo/bram_fifo/blockram.vhd           ;         ;
; bram_fifo.vhd                    ; yes             ; User VHDL File               ; C:/Users/Lillo/Desktop/logica_reconfiguravel/Logica-Reconfiguravel/bram_fifo/bram_fifo/bram_fifo.vhd          ;         ;
; altsyncram.tdf                   ; yes             ; Megafunction                 ; c:/altera/13.0sp1/quartus/libraries/megafunctions/altsyncram.tdf                                              ;         ;
; stratix_ram_block.inc            ; yes             ; Megafunction                 ; c:/altera/13.0sp1/quartus/libraries/megafunctions/stratix_ram_block.inc                                       ;         ;
; lpm_mux.inc                      ; yes             ; Megafunction                 ; c:/altera/13.0sp1/quartus/libraries/megafunctions/lpm_mux.inc                                                 ;         ;
; lpm_decode.inc                   ; yes             ; Megafunction                 ; c:/altera/13.0sp1/quartus/libraries/megafunctions/lpm_decode.inc                                              ;         ;
; aglobal130.inc                   ; yes             ; Megafunction                 ; c:/altera/13.0sp1/quartus/libraries/megafunctions/aglobal130.inc                                              ;         ;
; a_rdenreg.inc                    ; yes             ; Megafunction                 ; c:/altera/13.0sp1/quartus/libraries/megafunctions/a_rdenreg.inc                                               ;         ;
; altrom.inc                       ; yes             ; Megafunction                 ; c:/altera/13.0sp1/quartus/libraries/megafunctions/altrom.inc                                                  ;         ;
; altram.inc                       ; yes             ; Megafunction                 ; c:/altera/13.0sp1/quartus/libraries/megafunctions/altram.inc                                                  ;         ;
; altdpram.inc                     ; yes             ; Megafunction                 ; c:/altera/13.0sp1/quartus/libraries/megafunctions/altdpram.inc                                                ;         ;
; db/altsyncram_t2b1.tdf           ; yes             ; Auto-Generated Megafunction  ; C:/Users/Lillo/Desktop/logica_reconfiguravel/Logica-Reconfiguravel/bram_fifo/bram_fifo/db/altsyncram_t2b1.tdf ;         ;
; scfifo.tdf                       ; yes             ; Megafunction                 ; c:/altera/13.0sp1/quartus/libraries/megafunctions/scfifo.tdf                                                  ;         ;
; a_regfifo.inc                    ; yes             ; Megafunction                 ; c:/altera/13.0sp1/quartus/libraries/megafunctions/a_regfifo.inc                                               ;         ;
; a_dpfifo.inc                     ; yes             ; Megafunction                 ; c:/altera/13.0sp1/quartus/libraries/megafunctions/a_dpfifo.inc                                                ;         ;
; a_i2fifo.inc                     ; yes             ; Megafunction                 ; c:/altera/13.0sp1/quartus/libraries/megafunctions/a_i2fifo.inc                                                ;         ;
; a_fffifo.inc                     ; yes             ; Megafunction                 ; c:/altera/13.0sp1/quartus/libraries/megafunctions/a_fffifo.inc                                                ;         ;
; a_f2fifo.inc                     ; yes             ; Megafunction                 ; c:/altera/13.0sp1/quartus/libraries/megafunctions/a_f2fifo.inc                                                ;         ;
; db/scfifo_kda1.tdf               ; yes             ; Auto-Generated Megafunction  ; C:/Users/Lillo/Desktop/logica_reconfiguravel/Logica-Reconfiguravel/bram_fifo/bram_fifo/db/scfifo_kda1.tdf     ;         ;
; db/a_dpfifo_h041.tdf             ; yes             ; Auto-Generated Megafunction  ; C:/Users/Lillo/Desktop/logica_reconfiguravel/Logica-Reconfiguravel/bram_fifo/bram_fifo/db/a_dpfifo_h041.tdf   ;         ;
; db/a_fefifo_fgf.tdf              ; yes             ; Auto-Generated Megafunction  ; C:/Users/Lillo/Desktop/logica_reconfiguravel/Logica-Reconfiguravel/bram_fifo/bram_fifo/db/a_fefifo_fgf.tdf    ;         ;
; db/cntr_op7.tdf                  ; yes             ; Auto-Generated Megafunction  ; C:/Users/Lillo/Desktop/logica_reconfiguravel/Logica-Reconfiguravel/bram_fifo/bram_fifo/db/cntr_op7.tdf        ;         ;
; db/dpram_r311.tdf                ; yes             ; Auto-Generated Megafunction  ; C:/Users/Lillo/Desktop/logica_reconfiguravel/Logica-Reconfiguravel/bram_fifo/bram_fifo/db/dpram_r311.tdf      ;         ;
; db/altsyncram_c3k1.tdf           ; yes             ; Auto-Generated Megafunction  ; C:/Users/Lillo/Desktop/logica_reconfiguravel/Logica-Reconfiguravel/bram_fifo/bram_fifo/db/altsyncram_c3k1.tdf ;         ;
; db/cntr_cpb.tdf                  ; yes             ; Auto-Generated Megafunction  ; C:/Users/Lillo/Desktop/logica_reconfiguravel/Logica-Reconfiguravel/bram_fifo/bram_fifo/db/cntr_cpb.tdf        ;         ;
+----------------------------------+-----------------+------------------------------+---------------------------------------------------------------------------------------------------------------+---------+


+---------------------------------------------------------+
; Analysis & Synthesis Resource Usage Summary             ;
+---------------------------------------------+-----------+
; Resource                                    ; Usage     ;
+---------------------------------------------+-----------+
; Estimated Total logic elements              ; 78        ;
;                                             ;           ;
; Total combinational functions               ; 76        ;
; Logic element usage by number of LUT inputs ;           ;
;     -- 4 input functions                    ; 25        ;
;     -- 3 input functions                    ; 37        ;
;     -- <=2 input functions                  ; 14        ;
;                                             ;           ;
; Logic elements by mode                      ;           ;
;     -- normal mode                          ; 56        ;
;     -- arithmetic mode                      ; 20        ;
;                                             ;           ;
; Total registers                             ; 40        ;
;     -- Dedicated logic registers            ; 40        ;
;     -- I/O registers                        ; 0         ;
;                                             ;           ;
; I/O pins                                    ; 25        ;
; Embedded Multiplier 9-bit elements          ; 0         ;
; Maximum fan-out node                        ; clk~input ;
; Maximum fan-out                             ; 40        ;
; Total fan-out                               ; 382       ;
; Average fan-out                             ; 2.30      ;
+---------------------------------------------+-----------+


+--------------------------------------------------------------------------------------------------------------------------------------------------------------------------------------------------------------------------------------------------------------------------------------------------------------------+
; Analysis & Synthesis Resource Utilization by Entity                                                                                                                                                                                                                                                                ;
+------------------------------------------+-------------------+--------------+-------------+--------------+---------+-----------+------+--------------+----------------------------------------------------------------------------------------------------------------------------------------------+--------------+
; Compilation Hierarchy Node               ; LC Combinationals ; LC Registers ; Memory Bits ; DSP Elements ; DSP 9x9 ; DSP 18x18 ; Pins ; Virtual Pins ; Full Hierarchy Name                                                                                                                          ; Library Name ;
+------------------------------------------+-------------------+--------------+-------------+--------------+---------+-----------+------+--------------+----------------------------------------------------------------------------------------------------------------------------------------------+--------------+
; |bram_fifo                               ; 76 (57)           ; 40 (28)      ; 0           ; 0            ; 0       ; 0         ; 25   ; 0            ; |bram_fifo                                                                                                                                   ; work         ;
;    |fifowz:queue|                        ; 19 (0)            ; 12 (0)       ; 0           ; 0            ; 0       ; 0         ; 0    ; 0            ; |bram_fifo|fifowz:queue                                                                                                                      ; work         ;
;       |scfifo:scfifo_component|          ; 19 (0)            ; 12 (0)       ; 0           ; 0            ; 0       ; 0         ; 0    ; 0            ; |bram_fifo|fifowz:queue|scfifo:scfifo_component                                                                                              ; work         ;
;          |scfifo_kda1:auto_generated|    ; 19 (0)            ; 12 (0)       ; 0           ; 0            ; 0       ; 0         ; 0    ; 0            ; |bram_fifo|fifowz:queue|scfifo:scfifo_component|scfifo_kda1:auto_generated                                                                   ; work         ;
;             |a_dpfifo_h041:dpfifo|       ; 19 (0)            ; 12 (0)       ; 0           ; 0            ; 0       ; 0         ; 0    ; 0            ; |bram_fifo|fifowz:queue|scfifo:scfifo_component|scfifo_kda1:auto_generated|a_dpfifo_h041:dpfifo                                              ; work         ;
;                |a_fefifo_fgf:fifo_state| ; 19 (9)            ; 12 (2)       ; 0           ; 0            ; 0       ; 0         ; 0    ; 0            ; |bram_fifo|fifowz:queue|scfifo:scfifo_component|scfifo_kda1:auto_generated|a_dpfifo_h041:dpfifo|a_fefifo_fgf:fifo_state                      ; work         ;
;                   |cntr_op7:count_usedw| ; 10 (10)           ; 10 (10)      ; 0           ; 0            ; 0       ; 0         ; 0    ; 0            ; |bram_fifo|fifowz:queue|scfifo:scfifo_component|scfifo_kda1:auto_generated|a_dpfifo_h041:dpfifo|a_fefifo_fgf:fifo_state|cntr_op7:count_usedw ; work         ;
+------------------------------------------+-------------------+--------------+-------------+--------------+---------+-----------+------+--------------+----------------------------------------------------------------------------------------------------------------------------------------------+--------------+
Note: For table entries with two numbers listed, the numbers in parentheses indicate the number of resources of the given type used by the specific entity alone. The numbers listed outside of parentheses indicate the total resources of the given type used by the specific entity and all of its sub-entities in the hierarchy.


+-----------------------------------------------------------------------------------------------------------------------------------------------------------------------------------------------------+
; Analysis & Synthesis IP Cores Summary                                                                                                                                                               ;
+--------+--------------+---------+--------------+--------------+-------------------------------+-----------------------------------------------------------------------------------------------------+
; Vendor ; IP Core Name ; Version ; Release Date ; License Type ; Entity Instance               ; IP Include File                                                                                     ;
+--------+--------------+---------+--------------+--------------+-------------------------------+-----------------------------------------------------------------------------------------------------+
; Altera ; RAM: 1-PORT  ; N/A     ; N/A          ; N/A          ; |bram_fifo|blockram:bram_out  ; C:/Users/Lillo/Desktop/logica_reconfiguravel/Logica-Reconfiguravel/bram_fifo/bram_fifo/blockram.vhd ;
; Altera ; RAM: 1-PORT  ; N/A     ; N/A          ; N/A          ; |bram_fifo|blockram:bram_send ; C:/Users/Lillo/Desktop/logica_reconfiguravel/Logica-Reconfiguravel/bram_fifo/bram_fifo/blockram.vhd ;
; Altera ; FIFO         ; N/A     ; N/A          ; N/A          ; |bram_fifo|fifowz:queue       ; C:/Users/Lillo/Desktop/logica_reconfiguravel/Logica-Reconfiguravel/bram_fifo/bram_fifo/fifowz.vhd   ;
+--------+--------------+---------+--------------+--------------+-------------------------------+-----------------------------------------------------------------------------------------------------+


Encoding Type:  One-Hot
+---------------------------------------------------------------------------------------------------------------+
; State Machine - |bram_fifo|ReadState                                                                          ;
+--------------------------+-------------------+--------------------------+-------------------+-----------------+
; Name                     ; ReadState.RD_WAIT ; ReadState.RD_UPDATE_FIFO ; ReadState.RD_FIFO ; ReadState.RESET ;
+--------------------------+-------------------+--------------------------+-------------------+-----------------+
; ReadState.RESET          ; 0                 ; 0                        ; 0                 ; 0               ;
; ReadState.RD_FIFO        ; 0                 ; 0                        ; 1                 ; 1               ;
; ReadState.RD_UPDATE_FIFO ; 0                 ; 1                        ; 0                 ; 1               ;
; ReadState.RD_WAIT        ; 1                 ; 0                        ; 0                 ; 1               ;
+--------------------------+-------------------+--------------------------+-------------------+-----------------+


Encoding Type:  One-Hot
+-------------------------------------------------------------------------------------------------------------------------------------------+
; State Machine - |bram_fifo|WriteState                                                                                                     ;
+---------------------------+--------------------+---------------------------+--------------------+----------------------+------------------+
; Name                      ; WriteState.WR_WAIT ; WriteState.WR_UPDATE_BRAM ; WriteState.WR_FIFO ; WriteState.LOAD_BRAM ; WriteState.RESET ;
+---------------------------+--------------------+---------------------------+--------------------+----------------------+------------------+
; WriteState.RESET          ; 0                  ; 0                         ; 0                  ; 0                    ; 0                ;
; WriteState.LOAD_BRAM      ; 0                  ; 0                         ; 0                  ; 1                    ; 1                ;
; WriteState.WR_FIFO        ; 0                  ; 0                         ; 1                  ; 0                    ; 1                ;
; WriteState.WR_UPDATE_BRAM ; 0                  ; 1                         ; 0                  ; 0                    ; 1                ;
; WriteState.WR_WAIT        ; 1                  ; 0                         ; 0                  ; 0                    ; 1                ;
+---------------------------+--------------------+---------------------------+--------------------+----------------------+------------------+


+-------------------------------------------------------------------------------------------------------------------------------------------------------+
; Registers Removed During Synthesis                                                                                                                    ;
+----------------------------------------------------------------------------------------------------------------------------------+--------------------+
; Register name                                                                                                                    ; Reason for Removal ;
+----------------------------------------------------------------------------------------------------------------------------------+--------------------+
; send_address[0..10]                                                                                                              ; Lost fanout        ;
; rec_address[0..10]                                                                                                               ; Lost fanout        ;
; rec_wr_en                                                                                                                        ; Lost fanout        ;
; fifowz:queue|scfifo:scfifo_component|scfifo_kda1:auto_generated|a_dpfifo_h041:dpfifo|cntr_cpb:wr_ptr|counter_reg_bit[0..9]       ; Lost fanout        ;
; fifowz:queue|scfifo:scfifo_component|scfifo_kda1:auto_generated|a_dpfifo_h041:dpfifo|cntr_cpb:rd_ptr_count|counter_reg_bit[0..9] ; Lost fanout        ;
; Total Number of Removed Registers = 43                                                                                           ;                    ;
+----------------------------------------------------------------------------------------------------------------------------------+--------------------+


+------------------------------------------------------+
; General Register Statistics                          ;
+----------------------------------------------+-------+
; Statistic                                    ; Value ;
+----------------------------------------------+-------+
; Total registers                              ; 40    ;
; Number of registers using Synchronous Clear  ; 0     ;
; Number of registers using Synchronous Load   ; 0     ;
; Number of registers using Asynchronous Clear ; 16    ;
; Number of registers using Asynchronous Load  ; 0     ;
; Number of registers using Clock Enable       ; 25    ;
; Number of registers using Preset             ; 0     ;
+----------------------------------------------+-------+


+---------------------------------------------------------------------------------------------------------------------------------------------------------+
; Multiplexer Restructuring Statistics (Restructuring Performed)                                                                                          ;
+--------------------+-----------+---------------+----------------------+------------------------+------------+-------------------------------------------+
; Multiplexer Inputs ; Bus Width ; Baseline Area ; Area if Restructured ; Saving if Restructured ; Registered ; Example Multiplexer Output                ;
+--------------------+-----------+---------------+----------------------+------------------------+------------+-------------------------------------------+
; 6:1                ; 11 bits   ; 44 LEs        ; 11 LEs               ; 33 LEs                 ; Yes        ; |bram_fifo|\write_machine:sent_values[10] ;
; 7:1                ; 2 bits    ; 8 LEs         ; 6 LEs                ; 2 LEs                  ; No         ; |bram_fifo|ReadState                      ;
; 8:1                ; 3 bits    ; 15 LEs        ; 9 LEs                ; 6 LEs                  ; No         ; |bram_fifo|Selector24                     ;
; 9:1                ; 2 bits    ; 12 LEs        ; 6 LEs                ; 6 LEs                  ; No         ; |bram_fifo|Selector25                     ;
+--------------------+-----------+---------------+----------------------+------------------------+------------+-------------------------------------------+


+----------------------------------------------------------------------------------------------------------+
; Source assignments for blockram:bram_send|altsyncram:altsyncram_component|altsyncram_t2b1:auto_generated ;
+---------------------------------+--------------------+------+--------------------------------------------+
; Assignment                      ; Value              ; From ; To                                         ;
+---------------------------------+--------------------+------+--------------------------------------------+
; OPTIMIZE_POWER_DURING_SYNTHESIS ; NORMAL_COMPILATION ; -    ; -                                          ;
+---------------------------------+--------------------+------+--------------------------------------------+


+---------------------------------------------------------------------------------------------------------+
; Source assignments for blockram:bram_out|altsyncram:altsyncram_component|altsyncram_t2b1:auto_generated ;
+---------------------------------+--------------------+------+-------------------------------------------+
; Assignment                      ; Value              ; From ; To                                        ;
+---------------------------------+--------------------+------+-------------------------------------------+
; OPTIMIZE_POWER_DURING_SYNTHESIS ; NORMAL_COMPILATION ; -    ; -                                         ;
+---------------------------------+--------------------+------+-------------------------------------------+


+------------------------------------------------------------------------------------------------------------------------------------------------------------+
; Source assignments for fifowz:queue|scfifo:scfifo_component|scfifo_kda1:auto_generated|a_dpfifo_h041:dpfifo|dpram_r311:FIFOram|altsyncram_c3k1:altsyncram1 ;
+---------------------------------+--------------------+------+----------------------------------------------------------------------------------------------+
; Assignment                      ; Value              ; From ; To                                                                                           ;
+---------------------------------+--------------------+------+----------------------------------------------------------------------------------------------+
; OPTIMIZE_POWER_DURING_SYNTHESIS ; NORMAL_COMPILATION ; -    ; -                                                                                            ;
+---------------------------------+--------------------+------+----------------------------------------------------------------------------------------------+


+-------------------------------------------------------------------------------------------------+
; Parameter Settings for User Entity Instance: blockram:bram_send|altsyncram:altsyncram_component ;
+------------------------------------+----------------------+-------------------------------------+
; Parameter Name                     ; Value                ; Type                                ;
+------------------------------------+----------------------+-------------------------------------+
; BYTE_SIZE_BLOCK                    ; 8                    ; Untyped                             ;
; AUTO_CARRY_CHAINS                  ; ON                   ; AUTO_CARRY                          ;
; IGNORE_CARRY_BUFFERS               ; OFF                  ; IGNORE_CARRY                        ;
; AUTO_CASCADE_CHAINS                ; ON                   ; AUTO_CASCADE                        ;
; IGNORE_CASCADE_BUFFERS             ; OFF                  ; IGNORE_CASCADE                      ;
; WIDTH_BYTEENA                      ; 1                    ; Untyped                             ;
; OPERATION_MODE                     ; SINGLE_PORT          ; Untyped                             ;
; WIDTH_A                            ; 8                    ; Signed Integer                      ;
; WIDTHAD_A                          ; 11                   ; Signed Integer                      ;
; NUMWORDS_A                         ; 2048                 ; Signed Integer                      ;
; OUTDATA_REG_A                      ; UNREGISTERED         ; Untyped                             ;
; ADDRESS_ACLR_A                     ; NONE                 ; Untyped                             ;
; OUTDATA_ACLR_A                     ; NONE                 ; Untyped                             ;
; WRCONTROL_ACLR_A                   ; NONE                 ; Untyped                             ;
; INDATA_ACLR_A                      ; NONE                 ; Untyped                             ;
; BYTEENA_ACLR_A                     ; NONE                 ; Untyped                             ;
; WIDTH_B                            ; 1                    ; Untyped                             ;
; WIDTHAD_B                          ; 1                    ; Untyped                             ;
; NUMWORDS_B                         ; 1                    ; Untyped                             ;
; INDATA_REG_B                       ; CLOCK1               ; Untyped                             ;
; WRCONTROL_WRADDRESS_REG_B          ; CLOCK1               ; Untyped                             ;
; RDCONTROL_REG_B                    ; CLOCK1               ; Untyped                             ;
; ADDRESS_REG_B                      ; CLOCK1               ; Untyped                             ;
; OUTDATA_REG_B                      ; UNREGISTERED         ; Untyped                             ;
; BYTEENA_REG_B                      ; CLOCK1               ; Untyped                             ;
; INDATA_ACLR_B                      ; NONE                 ; Untyped                             ;
; WRCONTROL_ACLR_B                   ; NONE                 ; Untyped                             ;
; ADDRESS_ACLR_B                     ; NONE                 ; Untyped                             ;
; OUTDATA_ACLR_B                     ; NONE                 ; Untyped                             ;
; RDCONTROL_ACLR_B                   ; NONE                 ; Untyped                             ;
; BYTEENA_ACLR_B                     ; NONE                 ; Untyped                             ;
; WIDTH_BYTEENA_A                    ; 1                    ; Signed Integer                      ;
; WIDTH_BYTEENA_B                    ; 1                    ; Untyped                             ;
; RAM_BLOCK_TYPE                     ; AUTO                 ; Untyped                             ;
; BYTE_SIZE                          ; 8                    ; Untyped                             ;
; READ_DURING_WRITE_MODE_MIXED_PORTS ; DONT_CARE            ; Untyped                             ;
; READ_DURING_WRITE_MODE_PORT_A      ; NEW_DATA_NO_NBE_READ ; Untyped                             ;
; READ_DURING_WRITE_MODE_PORT_B      ; NEW_DATA_NO_NBE_READ ; Untyped                             ;
; INIT_FILE                          ; UNUSED               ; Untyped                             ;
; INIT_FILE_LAYOUT                   ; PORT_A               ; Untyped                             ;
; MAXIMUM_DEPTH                      ; 0                    ; Untyped                             ;
; CLOCK_ENABLE_INPUT_A               ; BYPASS               ; Untyped                             ;
; CLOCK_ENABLE_INPUT_B               ; NORMAL               ; Untyped                             ;
; CLOCK_ENABLE_OUTPUT_A              ; BYPASS               ; Untyped                             ;
; CLOCK_ENABLE_OUTPUT_B              ; NORMAL               ; Untyped                             ;
; CLOCK_ENABLE_CORE_A                ; USE_INPUT_CLKEN      ; Untyped                             ;
; CLOCK_ENABLE_CORE_B                ; USE_INPUT_CLKEN      ; Untyped                             ;
; ENABLE_ECC                         ; FALSE                ; Untyped                             ;
; ECC_PIPELINE_STAGE_ENABLED         ; FALSE                ; Untyped                             ;
; WIDTH_ECCSTATUS                    ; 3                    ; Untyped                             ;
; DEVICE_FAMILY                      ; Cyclone IV E         ; Untyped                             ;
; CBXI_PARAMETER                     ; altsyncram_t2b1      ; Untyped                             ;
+------------------------------------+----------------------+-------------------------------------+
Note: In order to hide this table in the UI and the text report file, please set the "Show Parameter Settings in Synthesis Report" option in "Analysis and Synthesis Settings -> More Settings" to "Off".


+------------------------------------------------------------------------------------------------+
; Parameter Settings for User Entity Instance: blockram:bram_out|altsyncram:altsyncram_component ;
+------------------------------------+----------------------+------------------------------------+
; Parameter Name                     ; Value                ; Type                               ;
+------------------------------------+----------------------+------------------------------------+
; BYTE_SIZE_BLOCK                    ; 8                    ; Untyped                            ;
; AUTO_CARRY_CHAINS                  ; ON                   ; AUTO_CARRY                         ;
; IGNORE_CARRY_BUFFERS               ; OFF                  ; IGNORE_CARRY                       ;
; AUTO_CASCADE_CHAINS                ; ON                   ; AUTO_CASCADE                       ;
; IGNORE_CASCADE_BUFFERS             ; OFF                  ; IGNORE_CASCADE                     ;
; WIDTH_BYTEENA                      ; 1                    ; Untyped                            ;
; OPERATION_MODE                     ; SINGLE_PORT          ; Untyped                            ;
; WIDTH_A                            ; 8                    ; Signed Integer                     ;
; WIDTHAD_A                          ; 11                   ; Signed Integer                     ;
; NUMWORDS_A                         ; 2048                 ; Signed Integer                     ;
; OUTDATA_REG_A                      ; UNREGISTERED         ; Untyped                            ;
; ADDRESS_ACLR_A                     ; NONE                 ; Untyped                            ;
; OUTDATA_ACLR_A                     ; NONE                 ; Untyped                            ;
; WRCONTROL_ACLR_A                   ; NONE                 ; Untyped                            ;
; INDATA_ACLR_A                      ; NONE                 ; Untyped                            ;
; BYTEENA_ACLR_A                     ; NONE                 ; Untyped                            ;
; WIDTH_B                            ; 1                    ; Untyped                            ;
; WIDTHAD_B                          ; 1                    ; Untyped                            ;
; NUMWORDS_B                         ; 1                    ; Untyped                            ;
; INDATA_REG_B                       ; CLOCK1               ; Untyped                            ;
; WRCONTROL_WRADDRESS_REG_B          ; CLOCK1               ; Untyped                            ;
; RDCONTROL_REG_B                    ; CLOCK1               ; Untyped                            ;
; ADDRESS_REG_B                      ; CLOCK1               ; Untyped                            ;
; OUTDATA_REG_B                      ; UNREGISTERED         ; Untyped                            ;
; BYTEENA_REG_B                      ; CLOCK1               ; Untyped                            ;
; INDATA_ACLR_B                      ; NONE                 ; Untyped                            ;
; WRCONTROL_ACLR_B                   ; NONE                 ; Untyped                            ;
; ADDRESS_ACLR_B                     ; NONE                 ; Untyped                            ;
; OUTDATA_ACLR_B                     ; NONE                 ; Untyped                            ;
; RDCONTROL_ACLR_B                   ; NONE                 ; Untyped                            ;
; BYTEENA_ACLR_B                     ; NONE                 ; Untyped                            ;
; WIDTH_BYTEENA_A                    ; 1                    ; Signed Integer                     ;
; WIDTH_BYTEENA_B                    ; 1                    ; Untyped                            ;
; RAM_BLOCK_TYPE                     ; AUTO                 ; Untyped                            ;
; BYTE_SIZE                          ; 8                    ; Untyped                            ;
; READ_DURING_WRITE_MODE_MIXED_PORTS ; DONT_CARE            ; Untyped                            ;
; READ_DURING_WRITE_MODE_PORT_A      ; NEW_DATA_NO_NBE_READ ; Untyped                            ;
; READ_DURING_WRITE_MODE_PORT_B      ; NEW_DATA_NO_NBE_READ ; Untyped                            ;
; INIT_FILE                          ; UNUSED               ; Untyped                            ;
; INIT_FILE_LAYOUT                   ; PORT_A               ; Untyped                            ;
; MAXIMUM_DEPTH                      ; 0                    ; Untyped                            ;
; CLOCK_ENABLE_INPUT_A               ; BYPASS               ; Untyped                            ;
; CLOCK_ENABLE_INPUT_B               ; NORMAL               ; Untyped                            ;
; CLOCK_ENABLE_OUTPUT_A              ; BYPASS               ; Untyped                            ;
; CLOCK_ENABLE_OUTPUT_B              ; NORMAL               ; Untyped                            ;
; CLOCK_ENABLE_CORE_A                ; USE_INPUT_CLKEN      ; Untyped                            ;
; CLOCK_ENABLE_CORE_B                ; USE_INPUT_CLKEN      ; Untyped                            ;
; ENABLE_ECC                         ; FALSE                ; Untyped                            ;
; ECC_PIPELINE_STAGE_ENABLED         ; FALSE                ; Untyped                            ;
; WIDTH_ECCSTATUS                    ; 3                    ; Untyped                            ;
; DEVICE_FAMILY                      ; Cyclone IV E         ; Untyped                            ;
; CBXI_PARAMETER                     ; altsyncram_t2b1      ; Untyped                            ;
+------------------------------------+----------------------+------------------------------------+
Note: In order to hide this table in the UI and the text report file, please set the "Show Parameter Settings in Synthesis Report" option in "Analysis and Synthesis Settings -> More Settings" to "Off".


+-----------------------------------------------------------------------------------+
; Parameter Settings for User Entity Instance: fifowz:queue|scfifo:scfifo_component ;
+-------------------------+--------------+------------------------------------------+
; Parameter Name          ; Value        ; Type                                     ;
+-------------------------+--------------+------------------------------------------+
; AUTO_CARRY_CHAINS       ; ON           ; AUTO_CARRY                               ;
; IGNORE_CARRY_BUFFERS    ; OFF          ; IGNORE_CARRY                             ;
; AUTO_CASCADE_CHAINS     ; ON           ; AUTO_CASCADE                             ;
; IGNORE_CASCADE_BUFFERS  ; OFF          ; IGNORE_CASCADE                           ;
; lpm_width               ; 8            ; Signed Integer                           ;
; LPM_NUMWORDS            ; 1024         ; Signed Integer                           ;
; LPM_WIDTHU              ; 10           ; Signed Integer                           ;
; LPM_SHOWAHEAD           ; OFF          ; Untyped                                  ;
; UNDERFLOW_CHECKING      ; OFF          ; Untyped                                  ;
; OVERFLOW_CHECKING       ; OFF          ; Untyped                                  ;
; ALLOW_RWCYCLE_WHEN_FULL ; OFF          ; Untyped                                  ;
; ADD_RAM_OUTPUT_REGISTER ; OFF          ; Untyped                                  ;
; ALMOST_FULL_VALUE       ; 1023         ; Signed Integer                           ;
; ALMOST_EMPTY_VALUE      ; 2            ; Signed Integer                           ;
; USE_EAB                 ; ON           ; Untyped                                  ;
; MAXIMIZE_SPEED          ; 5            ; Untyped                                  ;
; DEVICE_FAMILY           ; Cyclone IV E ; Untyped                                  ;
; OPTIMIZE_FOR_SPEED      ; 5            ; Untyped                                  ;
; CBXI_PARAMETER          ; scfifo_kda1  ; Untyped                                  ;
+-------------------------+--------------+------------------------------------------+
Note: In order to hide this table in the UI and the text report file, please set the "Show Parameter Settings in Synthesis Report" option in "Analysis and Synthesis Settings -> More Settings" to "Off".


+------------------------------------------------------------------------------------------------+
; altsyncram Parameter Settings by Entity Instance                                               ;
+-------------------------------------------+----------------------------------------------------+
; Name                                      ; Value                                              ;
+-------------------------------------------+----------------------------------------------------+
; Number of entity instances                ; 2                                                  ;
; Entity Instance                           ; blockram:bram_send|altsyncram:altsyncram_component ;
;     -- OPERATION_MODE                     ; SINGLE_PORT                                        ;
;     -- WIDTH_A                            ; 8                                                  ;
;     -- NUMWORDS_A                         ; 2048                                               ;
;     -- OUTDATA_REG_A                      ; UNREGISTERED                                       ;
;     -- WIDTH_B                            ; 1                                                  ;
;     -- NUMWORDS_B                         ; 1                                                  ;
;     -- ADDRESS_REG_B                      ; CLOCK1                                             ;
;     -- OUTDATA_REG_B                      ; UNREGISTERED                                       ;
;     -- RAM_BLOCK_TYPE                     ; AUTO                                               ;
;     -- READ_DURING_WRITE_MODE_MIXED_PORTS ; DONT_CARE                                          ;
; Entity Instance                           ; blockram:bram_out|altsyncram:altsyncram_component  ;
;     -- OPERATION_MODE                     ; SINGLE_PORT                                        ;
;     -- WIDTH_A                            ; 8                                                  ;
;     -- NUMWORDS_A                         ; 2048                                               ;
;     -- OUTDATA_REG_A                      ; UNREGISTERED                                       ;
;     -- WIDTH_B                            ; 1                                                  ;
;     -- NUMWORDS_B                         ; 1                                                  ;
;     -- ADDRESS_REG_B                      ; CLOCK1                                             ;
;     -- OUTDATA_REG_B                      ; UNREGISTERED                                       ;
;     -- RAM_BLOCK_TYPE                     ; AUTO                                               ;
;     -- READ_DURING_WRITE_MODE_MIXED_PORTS ; DONT_CARE                                          ;
+-------------------------------------------+----------------------------------------------------+


+-------------------------------------------------------------------+
; scfifo Parameter Settings by Entity Instance                      ;
+----------------------------+--------------------------------------+
; Name                       ; Value                                ;
+----------------------------+--------------------------------------+
; Number of entity instances ; 1                                    ;
; Entity Instance            ; fifowz:queue|scfifo:scfifo_component ;
;     -- FIFO Type           ; Single Clock                         ;
;     -- lpm_width           ; 8                                    ;
;     -- LPM_NUMWORDS        ; 1024                                 ;
;     -- LPM_SHOWAHEAD       ; OFF                                  ;
;     -- USE_EAB             ; ON                                   ;
+----------------------------+--------------------------------------+


+------------------------------------------------------------------------------------------------------------------------+
; Port Connectivity Checks: "fifowz:queue"                                                                               ;
+--------------+--------+----------+-------------------------------------------------------------------------------------+
; Port         ; Type   ; Severity ; Details                                                                             ;
+--------------+--------+----------+-------------------------------------------------------------------------------------+
; almost_empty ; Output ; Info     ; Connected to dangling logic. Logic that only feeds a dangling port will be removed. ;
; almost_full  ; Output ; Info     ; Connected to dangling logic. Logic that only feeds a dangling port will be removed. ;
; full         ; Output ; Info     ; Connected to dangling logic. Logic that only feeds a dangling port will be removed. ;
+--------------+--------+----------+-------------------------------------------------------------------------------------+


+----------------------------------------------------------------------------------------------------------------+
; Port Connectivity Checks: "blockram:bram_out"                                                                  ;
+------+--------+----------+-------------------------------------------------------------------------------------+
; Port ; Type   ; Severity ; Details                                                                             ;
+------+--------+----------+-------------------------------------------------------------------------------------+
; q    ; Output ; Info     ; Connected to dangling logic. Logic that only feeds a dangling port will be removed. ;
+------+--------+----------+-------------------------------------------------------------------------------------+


+-------------------------------+
; Elapsed Time Per Partition    ;
+----------------+--------------+
; Partition Name ; Elapsed Time ;
+----------------+--------------+
; Top            ; 00:00:00     ;
+----------------+--------------+


+-------------------------------+
; Analysis & Synthesis Messages ;
+-------------------------------+
Info: *******************************************************************
Info: Running Quartus II 64-Bit Analysis & Synthesis
    Info: Version 13.0.1 Build 232 06/12/2013 Service Pack 1 SJ Web Edition
    Info: Processing started: Sat May 09 10:23:53 2026
Info: Command: quartus_map --read_settings_files=on --write_settings_files=off bram_fifo -c bram_fifo
Warning (20028): Parallel compilation is not licensed and has been disabled
Info (12021): Found 2 design units, including 1 entities, in source file fifowz.vhd
    Info (12022): Found design unit 1: fifowz-SYN
    Info (12023): Found entity 1: fifowz
Info (12021): Found 2 design units, including 1 entities, in source file blockram.vhd
    Info (12022): Found design unit 1: blockram-SYN
    Info (12023): Found entity 1: blockram
Info (12021): Found 2 design units, including 1 entities, in source file bram_fifo_tb.vhd
    Info (12022): Found design unit 1: bram_fifo_tb-bram_fifo_tb_arch
    Info (12023): Found entity 1: bram_fifo_tb
Info (12021): Found 2 design units, including 1 entities, in source file bram_fifo.vhd
    Info (12022): Found design unit 1: bram_fifo-a_bram_fifo
    Info (12023): Found entity 1: bram_fifo
Info (12021): Found 2 design units, including 1 entities, in source file fifo.vhd
    Info (12022): Found design unit 1: fifo-a_fifo
    Info (12023): Found entity 1: fifo
Info (12021): Found 2 design units, including 1 entities, in source file bram.vhd
    Info (12022): Found design unit 1: bram-a_bram
    Info (12023): Found entity 1: bram
Info (12127): Elaborating entity "bram_fifo" for the top level hierarchy
Warning (10036): Verilog HDL or VHDL warning at bram_fifo.vhd(85): object "rec_dado_out" assigned a value but never read
Warning (10036): Verilog HDL or VHDL warning at bram_fifo.vhd(93): object "fifo_isAlmostEmpty" assigned a value but never read
Warning (10036): Verilog HDL or VHDL warning at bram_fifo.vhd(94): object "fifo_isFull" assigned a value but never read
Warning (10036): Verilog HDL or VHDL warning at bram_fifo.vhd(95): object "fifo_isAlmostFull" assigned a value but never read
Info (12128): Elaborating entity "blockram" for hierarchy "blockram:bram_send"
Info (12128): Elaborating entity "altsyncram" for hierarchy "blockram:bram_send|altsyncram:altsyncram_component"
Info (12130): Elaborated megafunction instantiation "blockram:bram_send|altsyncram:altsyncram_component"
Info (12133): Instantiated megafunction "blockram:bram_send|altsyncram:altsyncram_component" with the following parameter:
    Info (12134): Parameter "clock_enable_input_a" = "BYPASS"
    Info (12134): Parameter "clock_enable_output_a" = "BYPASS"
    Info (12134): Parameter "intended_device_family" = "Cyclone II"
    Info (12134): Parameter "lpm_hint" = "ENABLE_RUNTIME_MOD=NO"
    Info (12134): Parameter "lpm_type" = "altsyncram"
    Info (12134): Parameter "numwords_a" = "2048"
    Info (12134): Parameter "operation_mode" = "SINGLE_PORT"
    Info (12134): Parameter "outdata_aclr_a" = "NONE"
    Info (12134): Parameter "outdata_reg_a" = "UNREGISTERED"
    Info (12134): Parameter "power_up_uninitialized" = "FALSE"
    Info (12134): Parameter "widthad_a" = "11"
    Info (12134): Parameter "width_a" = "8"
    Info (12134): Parameter "width_byteena_a" = "1"
Info (12021): Found 1 design units, including 1 entities, in source file db/altsyncram_t2b1.tdf
    Info (12023): Found entity 1: altsyncram_t2b1
Info (12128): Elaborating entity "altsyncram_t2b1" for hierarchy "blockram:bram_send|altsyncram:altsyncram_component|altsyncram_t2b1:auto_generated"
Info (12128): Elaborating entity "fifowz" for hierarchy "fifowz:queue"
Info (12128): Elaborating entity "scfifo" for hierarchy "fifowz:queue|scfifo:scfifo_component"
Info (12130): Elaborated megafunction instantiation "fifowz:queue|scfifo:scfifo_component"
Info (12133): Instantiated megafunction "fifowz:queue|scfifo:scfifo_component" with the following parameter:
    Info (12134): Parameter "add_ram_output_register" = "OFF"
    Info (12134): Parameter "almost_empty_value" = "2"
    Info (12134): Parameter "almost_full_value" = "1023"
    Info (12134): Parameter "intended_device_family" = "Cyclone II"
    Info (12134): Parameter "lpm_numwords" = "1024"
    Info (12134): Parameter "lpm_showahead" = "OFF"
    Info (12134): Parameter "lpm_type" = "scfifo"
    Info (12134): Parameter "lpm_width" = "8"
    Info (12134): Parameter "lpm_widthu" = "10"
    Info (12134): Parameter "overflow_checking" = "OFF"
    Info (12134): Parameter "underflow_checking" = "OFF"
    Info (12134): Parameter "use_eab" = "ON"
Info (12021): Found 1 design units, including 1 entities, in source file db/scfifo_kda1.tdf
    Info (12023): Found entity 1: scfifo_kda1
Info (12128): Elaborating entity "scfifo_kda1" for hierarchy "fifowz:queue|scfifo:scfifo_component|scfifo_kda1:auto_generated"
Info (12021): Found 1 design units, including 1 entities, in source file db/a_dpfifo_h041.tdf
    Info (12023): Found entity 1: a_dpfifo_h041
Info (12128): Elaborating entity "a_dpfifo_h041" for hierarchy "fifowz:queue|scfifo:scfifo_component|scfifo_kda1:auto_generated|a_dpfifo_h041:dpfifo"
Info (12021): Found 1 design units, including 1 entities, in source file db/a_fefifo_fgf.tdf
    Info (12023): Found entity 1: a_fefifo_fgf
Info (12128): Elaborating entity "a_fefifo_fgf" for hierarchy "fifowz:queue|scfifo:scfifo_component|scfifo_kda1:auto_generated|a_dpfifo_h041:dpfifo|a_fefifo_fgf:fifo_state"
Info (12021): Found 1 design units, including 1 entities, in source file db/cntr_op7.tdf
    Info (12023): Found entity 1: cntr_op7
Info (12128): Elaborating entity "cntr_op7" for hierarchy "fifowz:queue|scfifo:scfifo_component|scfifo_kda1:auto_generated|a_dpfifo_h041:dpfifo|a_fefifo_fgf:fifo_state|cntr_op7:count_usedw"
Info (12021): Found 1 design units, including 1 entities, in source file db/dpram_r311.tdf
    Info (12023): Found entity 1: dpram_r311
Info (12128): Elaborating entity "dpram_r311" for hierarchy "fifowz:queue|scfifo:scfifo_component|scfifo_kda1:auto_generated|a_dpfifo_h041:dpfifo|dpram_r311:FIFOram"
Info (12021): Found 1 design units, including 1 entities, in source file db/altsyncram_c3k1.tdf
    Info (12023): Found entity 1: altsyncram_c3k1
Info (12128): Elaborating entity "altsyncram_c3k1" for hierarchy "fifowz:queue|scfifo:scfifo_component|scfifo_kda1:auto_generated|a_dpfifo_h041:dpfifo|dpram_r311:FIFOram|altsyncram_c3k1:altsyncram1"
Info (12021): Found 1 design units, including 1 entities, in source file db/cntr_cpb.tdf
    Info (12023): Found entity 1: cntr_cpb
Info (12128): Elaborating entity "cntr_cpb" for hierarchy "fifowz:queue|scfifo:scfifo_component|scfifo_kda1:auto_generated|a_dpfifo_h041:dpfifo|cntr_cpb:rd_ptr_count"
Warning (14284): Synthesized away the following node(s):
    Warning (14285): Synthesized away the following RAM node(s):
        Warning (14320): Synthesized away node "blockram:bram_out|altsyncram:altsyncram_component|altsyncram_t2b1:auto_generated|q_a[0]"
        Warning (14320): Synthesized away node "blockram:bram_out|altsyncram:altsyncram_component|altsyncram_t2b1:auto_generated|q_a[1]"
        Warning (14320): Synthesized away node "blockram:bram_out|altsyncram:altsyncram_component|altsyncram_t2b1:auto_generated|q_a[2]"
        Warning (14320): Synthesized away node "blockram:bram_out|altsyncram:altsyncram_component|altsyncram_t2b1:auto_generated|q_a[3]"
        Warning (14320): Synthesized away node "blockram:bram_out|altsyncram:altsyncram_component|altsyncram_t2b1:auto_generated|q_a[4]"
        Warning (14320): Synthesized away node "blockram:bram_out|altsyncram:altsyncram_component|altsyncram_t2b1:auto_generated|q_a[5]"
        Warning (14320): Synthesized away node "blockram:bram_out|altsyncram:altsyncram_component|altsyncram_t2b1:auto_generated|q_a[6]"
        Warning (14320): Synthesized away node "blockram:bram_out|altsyncram:altsyncram_component|altsyncram_t2b1:auto_generated|q_a[7]"
        Warning (14320): Synthesized away node "blockram:bram_send|altsyncram:altsyncram_component|altsyncram_t2b1:auto_generated|q_a[0]"
        Warning (14320): Synthesized away node "blockram:bram_send|altsyncram:altsyncram_component|altsyncram_t2b1:auto_generated|q_a[1]"
        Warning (14320): Synthesized away node "blockram:bram_send|altsyncram:altsyncram_component|altsyncram_t2b1:auto_generated|q_a[2]"
        Warning (14320): Synthesized away node "blockram:bram_send|altsyncram:altsyncram_component|altsyncram_t2b1:auto_generated|q_a[3]"
        Warning (14320): Synthesized away node "blockram:bram_send|altsyncram:altsyncram_component|altsyncram_t2b1:auto_generated|q_a[4]"
        Warning (14320): Synthesized away node "blockram:bram_send|altsyncram:altsyncram_component|altsyncram_t2b1:auto_generated|q_a[5]"
        Warning (14320): Synthesized away node "blockram:bram_send|altsyncram:altsyncram_component|altsyncram_t2b1:auto_generated|q_a[6]"
        Warning (14320): Synthesized away node "blockram:bram_send|altsyncram:altsyncram_component|altsyncram_t2b1:auto_generated|q_a[7]"
        Warning (14320): Synthesized away node "fifowz:queue|scfifo:scfifo_component|scfifo_kda1:auto_generated|a_dpfifo_h041:dpfifo|dpram_r311:FIFOram|altsyncram_c3k1:altsyncram1|q_b[0]"
        Warning (14320): Synthesized away node "fifowz:queue|scfifo:scfifo_component|scfifo_kda1:auto_generated|a_dpfifo_h041:dpfifo|dpram_r311:FIFOram|altsyncram_c3k1:altsyncram1|q_b[1]"
        Warning (14320): Synthesized away node "fifowz:queue|scfifo:scfifo_component|scfifo_kda1:auto_generated|a_dpfifo_h041:dpfifo|dpram_r311:FIFOram|altsyncram_c3k1:altsyncram1|q_b[2]"
        Warning (14320): Synthesized away node "fifowz:queue|scfifo:scfifo_component|scfifo_kda1:auto_generated|a_dpfifo_h041:dpfifo|dpram_r311:FIFOram|altsyncram_c3k1:altsyncram1|q_b[3]"
        Warning (14320): Synthesized away node "fifowz:queue|scfifo:scfifo_component|scfifo_kda1:auto_generated|a_dpfifo_h041:dpfifo|dpram_r311:FIFOram|altsyncram_c3k1:altsyncram1|q_b[4]"
        Warning (14320): Synthesized away node "fifowz:queue|scfifo:scfifo_component|scfifo_kda1:auto_generated|a_dpfifo_h041:dpfifo|dpram_r311:FIFOram|altsyncram_c3k1:altsyncram1|q_b[5]"
        Warning (14320): Synthesized away node "fifowz:queue|scfifo:scfifo_component|scfifo_kda1:auto_generated|a_dpfifo_h041:dpfifo|dpram_r311:FIFOram|altsyncram_c3k1:altsyncram1|q_b[6]"
        Warning (14320): Synthesized away node "fifowz:queue|scfifo:scfifo_component|scfifo_kda1:auto_generated|a_dpfifo_h041:dpfifo|dpram_r311:FIFOram|altsyncram_c3k1:altsyncram1|q_b[7]"
Info (286030): Timing-Driven Synthesis is running
Info (17049): 43 registers lost all their fanouts during netlist optimizations.
Info (16010): Generating hard_block partition "hard_block:auto_generated_inst"
    Info (16011): Adding 0 node(s), including 0 DDIO, 0 PLL, 0 transceiver and 0 LCELL
Warning (21074): Design contains 21 input pin(s) that do not drive logic
    Warning (15610): No output dependent on input pin "clr"
    Warning (15610): No output dependent on input pin "load_wr_en"
    Warning (15610): No output dependent on input pin "load_data[0]"
    Warning (15610): No output dependent on input pin "load_data[1]"
    Warning (15610): No output dependent on input pin "load_data[2]"
    Warning (15610): No output dependent on input pin "load_data[3]"
    Warning (15610): No output dependent on input pin "load_data[4]"
    Warning (15610): No output dependent on input pin "load_data[5]"
    Warning (15610): No output dependent on input pin "load_data[6]"
    Warning (15610): No output dependent on input pin "load_data[7]"
    Warning (15610): No output dependent on input pin "load_address[0]"
    Warning (15610): No output dependent on input pin "load_address[1]"
    Warning (15610): No output dependent on input pin "load_address[2]"
    Warning (15610): No output dependent on input pin "load_address[3]"
    Warning (15610): No output dependent on input pin "load_address[4]"
    Warning (15610): No output dependent on input pin "load_address[5]"
    Warning (15610): No output dependent on input pin "load_address[6]"
    Warning (15610): No output dependent on input pin "load_address[7]"
    Warning (15610): No output dependent on input pin "load_address[8]"
    Warning (15610): No output dependent on input pin "load_address[9]"
    Warning (15610): No output dependent on input pin "load_address[10]"
Info (21057): Implemented 104 device resources after synthesis - the final resource count might be different
    Info (21058): Implemented 24 input pins
    Info (21059): Implemented 1 output pins
    Info (21061): Implemented 79 logic cells
Info: Quartus II 64-Bit Analysis & Synthesis was successful. 0 errors, 53 warnings
    Info: Peak virtual memory: 4651 megabytes
    Info: Processing ended: Sat May 09 10:23:55 2026
    Info: Elapsed time: 00:00:02
    Info: Total CPU time (on all processors): 00:00:02


